<?xml version="1.0" encoding="UTF-8"?>
<!-- Generated by org.testng.reporters.JUnitReportReporter -->
<testsuite hostname="LIN76001689" failures="0" tests="1" name="com.rediff.Rediffmail" time="49.035" errors="0" timestamp="2023-05-19T17:37:37 IST" skipped="0">
  <testcase classname="com.rediff.Rediffmail" name="ReadWrite" time="49.035"/>
  <system-out/>
</testsuite> <!-- com.rediff.Rediffmail -->
