<?xml version="1.0" encoding="UTF-8"?>
<!-- Generated by org.testng.reporters.JUnitReportReporter -->
<testsuite hostname="LIN76001689" failures="0" tests="1" name="com.orangehrm.OrangeHrm" time="50.551" errors="0" timestamp="2023-05-19T17:49:48 IST" skipped="0">
  <testcase classname="com.orangehrm.OrangeHrm" name="ReadWrite" time="50.551"/>
  <system-out/>
</testsuite> <!-- com.orangehrm.OrangeHrm -->
