<?xml version="1.0" encoding="UTF-8"?>
<!-- Generated by org.testng.reporters.JUnitReportReporter -->
<testsuite hostname="DESKTOP-UU2F52V" failures="0" tests="1" name="com.vnv.swagLabs.runner.SwagLabsRunner" time="25.101" errors="0" timestamp="2023-05-26T13:31:31 IST" skipped="0">
  <testcase classname="com.vnv.swagLabs.runner.SwagLabsRunner" name="runScenario" time="25.101"/>
  <system-out/>
</testsuite> <!-- com.vnv.swagLabs.runner.SwagLabsRunner -->
