<?xml version="1.0" encoding="UTF-8"?>
<!-- Generated by org.testng.reporters.JUnitReportReporter -->
<testsuite hostname="LIN76001689" failures="0" tests="4" name="com.demowebshop.DemoWebShop" time="28.112" errors="0" timestamp="2023-05-18T09:16:51 IST" skipped="0">
  <testcase classname="com.demowebshop.DemoWebShop" name="login_valid_credentials" time="1.773"/>
  <system-out/>
  <testcase classname="com.demowebshop.DemoWebShop" name="search_order" time="3.104"/>
  <system-out/>
  <testcase classname="com.demowebshop.DemoWebShop" name="add_to_cart" time="2.515"/>
  <system-out/>
  <testcase classname="com.demowebshop.DemoWebShop" name="order" time="20.720"/>
  <system-out/>
</testsuite> <!-- com.demowebshop.DemoWebShop -->
