<?xml version="1.0" encoding="UTF-8"?>
<!-- Generated by org.testng.reporters.JUnitReportReporter -->
<testsuite hostname="LIN76001689" failures="0" tests="1" name="com.appiumtesting.Appium.DragAndDrop" time="6.083" errors="0" timestamp="2024-04-10T09:51:11 IST" skipped="0">
  <testcase classname="com.appiumtesting.Appium.DragAndDrop" name="dragAndDropDemo" time="6.083"/>
  <system-out/>
</testsuite> <!-- com.appiumtesting.Appium.DragAndDrop -->
