<?xml version="1.0" encoding="UTF-8"?>
<!-- Generated by org.testng.reporters.JUnitReportReporter -->
<testsuite hostname="LIN76001689" failures="0" tests="1" name="com.appiumtesting.mobilebrowsertesting.BrowserTest" time="28.298" errors="0" timestamp="2024-04-10T13:49:53 IST" skipped="0">
  <testcase classname="com.appiumtesting.mobilebrowsertesting.BrowserTest" name="mobileBrowserTest" time="28.298"/>
  <system-out/>
</testsuite> <!-- com.appiumtesting.mobilebrowsertesting.BrowserTest -->
