<?xml version="1.0" encoding="UTF-8"?>
<!-- Generated by org.testng.reporters.JUnitReportReporter -->
<testsuite hostname="LIN76001689" failures="0" tests="1" name="com.appiumtesting.Appium.Basics" time="9.819" errors="0" timestamp="2024-04-10T09:47:45 IST" skipped="0">
  <testcase classname="com.appiumtesting.Appium.Basics" name="wifiSettings" time="9.819"/>
  <system-out/>
</testsuite> <!-- com.appiumtesting.Appium.Basics -->
