<?xml version="1.0" encoding="UTF-8"?>
<!-- Generated by org.testng.reporters.JUnitReportReporter -->
<testsuite hostname="LIN76001689" failures="0" tests="1" name="com.mavenproject.Maven_Project.OrangeHrm" time="48.226" errors="0" timestamp="2023-05-19T19:48:06 IST" skipped="0">
  <testcase classname="com.mavenproject.Maven_Project.OrangeHrm" name="ReadWrite" time="48.226"/>
  <system-out/>
</testsuite> <!-- com.mavenproject.Maven_Project.OrangeHrm -->
