<?xml version="1.0" encoding="UTF-8"?>
<!-- Generated by org.testng.reporters.JUnitReportReporter -->
<testsuite hostname="LIN76001689" failures="0" tests="4" name="com.mavenproject.Maven_Project.DependsOnMethodDemo" time="52.457" errors="0" timestamp="2023-05-23T19:59:09 IST" skipped="0">
  <testcase classname="com.mavenproject.Maven_Project.DependsOnMethodDemo" name="signOut" time="9.974"/>
  <system-out/>
  <testcase classname="com.mavenproject.Maven_Project.DependsOnMethodDemo" name="logIn" time="9.577"/>
  <system-out/>
  <testcase classname="com.mavenproject.Maven_Project.DependsOnMethodDemo" name="openbrowser" time="32.431"/>
  <system-out/>
  <testcase classname="com.mavenproject.Maven_Project.DependsOnMethodDemo" name="closebrowser" time="0.475"/>
  <system-out/>
</testsuite> <!-- com.mavenproject.Maven_Project.DependsOnMethodDemo -->
