<?xml version="1.0" encoding="UTF-8"?>
<!-- Generated by org.testng.reporters.JUnitReportReporter -->
<testsuite hostname="LIN76001689" failures="0" tests="1" name="com.mavenproject.Maven_Project.WindowHandling" time="3.821" errors="0" timestamp="2023-05-22T16:07:22 IST" skipped="0">
  <testcase classname="com.mavenproject.Maven_Project.WindowHandling" name="amazon" time="3.821"/>
  <system-out/>
</testsuite> <!-- com.mavenproject.Maven_Project.WindowHandling -->
