<?xml version="1.0" encoding="UTF-8"?>
<!-- Generated by org.testng.reporters.JUnitReportReporter -->
<testsuite hostname="LIN76001689" failures="0" tests="3" name="com.mavenproject.Maven_Project.DataProviderDemo" time="45.120" errors="0" timestamp="2023-05-22T13:30:24 IST" skipped="0">
  <testcase classname="com.mavenproject.Maven_Project.DataProviderDemo" name="login_OrangeHrm" time="15.097"/>
  <system-out/>
  <testcase classname="com.mavenproject.Maven_Project.DataProviderDemo" name="login_OrangeHrm" time="14.755"/>
  <system-out/>
  <testcase classname="com.mavenproject.Maven_Project.DataProviderDemo" name="login_OrangeHrm" time="15.268"/>
  <system-out/>
</testsuite> <!-- com.mavenproject.Maven_Project.DataProviderDemo -->
