<?xml version="1.0" encoding="UTF-8"?>
<!-- Generated by org.testng.reporters.JUnitReportReporter -->
<testsuite hostname="LIN76001689" failures="0" tests="1" name="com.mavenproject.Maven_Project.RediffMail" time="24.957" errors="0" timestamp="2023-05-22T14:01:51 IST" skipped="0">
  <testcase classname="com.mavenproject.Maven_Project.RediffMail" name="rediff" time="24.957"/>
  <system-out/>
</testsuite> <!-- com.mavenproject.Maven_Project.RediffMail -->
